[debug] [2022-11-14T17:36:31.648Z] ----------------------------------------------------------------------
[debug] [2022-11-14T17:36:31.649Z] Command:       C:\Program Files\nodejs\node.exe C:\Users\simon\AppData\Roaming\npm\node_modules\firebase-tools\lib\bin\firebase.js init
[debug] [2022-11-14T17:36:31.650Z] CLI Version:   11.16.0
[debug] [2022-11-14T17:36:31.650Z] Platform:      win32
[debug] [2022-11-14T17:36:31.650Z] Node Version:  v17.6.0
[debug] [2022-11-14T17:36:31.651Z] Time:          Mon Nov 14 2022 18:36:31 GMT+0100 (Ora standard dell’Europa centrale)
[debug] [2022-11-14T17:36:31.651Z] ----------------------------------------------------------------------
[debug] 
[debug] [2022-11-14T17:36:31.707Z] > command requires scopes: ["email","openid","https://www.googleapis.com/auth/cloudplatformprojects.readonly","https://www.googleapis.com/auth/firebase","https://www.googleapis.com/auth/cloud-platform"]
[debug] [2022-11-14T17:36:31.708Z] > authorizing via signed-in user (simonesporeni@gmail.com)
[info] 
     ######## #### ########  ######## ########     ###     ######  ########
     ##        ##  ##     ## ##       ##     ##  ##   ##  ##       ##
     ######    ##  ########  ######   ########  #########  ######  ######
     ##        ##  ##    ##  ##       ##     ## ##     ##       ## ##
     ##       #### ##     ## ######## ########  ##     ##  ######  ########

You're about to initialize a Firebase project in this directory:

  E:\React\finalProject\react-firebase-tv-maze

Before we get started, keep in mind:

  * You are initializing within an existing Firebase project directory

